<?xml version="1.0" encoding="UTF-8"?>
<!-- Generated by org.testng.reporters.JUnitXMLReporter -->
<testsuite hostname="LAPTOP-5I3A2SA0" ignored="0" name="Default test" tests="10" failures="0" timestamp="2020-07-06T16:23:01 IST" time="76.06" errors="0">
  <testcase name="@BeforeMethod TestSetup" time="38.126" classname="happytrip.com.Login">
    <failure type="org.openqa.selenium.NoSuchWindowException" message="no such window: target window already closed
from unknown error: web view not found
  (Session info: chrome=83.0.4103.116)
Build info: version: &amp;apos;3.141.59&amp;apos;, revision: &amp;apos;e82be7d358&amp;apos;, time: &amp;apos;2018-11-14T08:17:03&amp;apos;
System info: host: &amp;apos;LAPTOP-5I3A2SA0&amp;apos;, ip: &amp;apos;192.168.1.10&amp;apos;, os.name: &amp;apos;Windows 10&amp;apos;, os.arch: &amp;apos;amd64&amp;apos;, os.version: &amp;apos;10.0&amp;apos;, java.version: &amp;apos;1.8.0_251&amp;apos;
Driver info: org.openqa.selenium.chrome.ChromeDriver
Capabilities {acceptInsecureCerts: false, browserName: chrome, browserVersion: 83.0.4103.116, chrome: {chromedriverVersion: 83.0.4103.39 (ccbf011cb2d2b..., userDataDir: C:\Users\SIVARA~1\AppData\L...}, goog:chromeOptions: {debuggerAddress: localhost:63358}, javascriptEnabled: true, networkConnectionEnabled: false, pageLoadStrategy: normal, platform: WINDOWS, platformName: WINDOWS, proxy: Proxy(), setWindowRect: true, strictFileInteractability: false, timeouts: {implicit: 0, pageLoad: 300000, script: 30000}, unhandledPromptBehavior: dismiss and notify, webauthn:virtualAuthenticators: true}
Session ID: 23d5c357d148ebe6dc9c9fd2b5128e5c">
      <![CDATA[org.openqa.selenium.NoSuchWindowException: no such window: target window already closed
from unknown error: web view not found
  (Session info: chrome=83.0.4103.116)
Build info: version: '3.141.59', revision: 'e82be7d358', time: '2018-11-14T08:17:03'
System info: host: 'LAPTOP-5I3A2SA0', ip: '192.168.1.10', os.name: 'Windows 10', os.arch: 'amd64', os.version: '10.0', java.version: '1.8.0_251'
Driver info: org.openqa.selenium.chrome.ChromeDriver
Capabilities {acceptInsecureCerts: false, browserName: chrome, browserVersion: 83.0.4103.116, chrome: {chromedriverVersion: 83.0.4103.39 (ccbf011cb2d2b..., userDataDir: C:\Users\SIVARA~1\AppData\L...}, goog:chromeOptions: {debuggerAddress: localhost:63358}, javascriptEnabled: true, networkConnectionEnabled: false, pageLoadStrategy: normal, platform: WINDOWS, platformName: WINDOWS, proxy: Proxy(), setWindowRect: true, strictFileInteractability: false, timeouts: {implicit: 0, pageLoad: 300000, script: 30000}, unhandledPromptBehavior: dismiss and notify, webauthn:virtualAuthenticators: true}
Session ID: 23d5c357d148ebe6dc9c9fd2b5128e5c
at sun.reflect.NativeConstructorAccessorImpl.newInstance0(Native Method)
at sun.reflect.NativeConstructorAccessorImpl.newInstance(Unknown Source)
at sun.reflect.DelegatingConstructorAccessorImpl.newInstance(Unknown Source)
at java.lang.reflect.Constructor.newInstance(Unknown Source)
at org.openqa.selenium.remote.http.W3CHttpResponseCodec.createException(W3CHttpResponseCodec.java:187)
at org.openqa.selenium.remote.http.W3CHttpResponseCodec.decode(W3CHttpResponseCodec.java:122)
at org.openqa.selenium.remote.http.W3CHttpResponseCodec.decode(W3CHttpResponseCodec.java:49)
at org.openqa.selenium.remote.HttpCommandExecutor.execute(HttpCommandExecutor.java:158)
at org.openqa.selenium.remote.service.DriverCommandExecutor.execute(DriverCommandExecutor.java:83)
at org.openqa.selenium.remote.RemoteWebDriver.execute(RemoteWebDriver.java:552)
at org.openqa.selenium.remote.RemoteWebDriver.execute(RemoteWebDriver.java:609)
at org.openqa.selenium.remote.RemoteWebDriver$RemoteWebDriverOptions$RemoteWindow.maximize(RemoteWebDriver.java:837)
at happytrip.com.Login.TestSetup(Login.java:49)
at sun.reflect.NativeMethodAccessorImpl.invoke0(Native Method)
at sun.reflect.NativeMethodAccessorImpl.invoke(Unknown Source)
at sun.reflect.DelegatingMethodAccessorImpl.invoke(Unknown Source)
at java.lang.reflect.Method.invoke(Unknown Source)
at org.testng.internal.MethodInvocationHelper.invokeMethod(MethodInvocationHelper.java:135)
at org.testng.internal.MethodInvocationHelper.invokeMethodConsideringTimeout(MethodInvocationHelper.java:64)
at org.testng.internal.ConfigInvoker.invokeConfigurationMethod(ConfigInvoker.java:364)
at org.testng.internal.ConfigInvoker.invokeConfigurations(ConfigInvoker.java:318)
at org.testng.internal.TestInvoker.runConfigMethods(TestInvoker.java:700)
at org.testng.internal.TestInvoker.invokeMethod(TestInvoker.java:527)
at org.testng.internal.TestInvoker.invokeTestMethod(TestInvoker.java:174)
at org.testng.internal.MethodRunner.runInSequence(MethodRunner.java:46)
at org.testng.internal.TestInvoker$MethodInvocationAgent.invoke(TestInvoker.java:821)
at org.testng.internal.TestInvoker.invokeTestMethods(TestInvoker.java:147)
at org.testng.internal.TestMethodWorker.invokeTestMethods(TestMethodWorker.java:146)
at org.testng.internal.TestMethodWorker.run(TestMethodWorker.java:128)
at java.util.ArrayList.forEach(Unknown Source)
at org.testng.TestRunner.privateRun(TestRunner.java:767)
at org.testng.TestRunner.run(TestRunner.java:588)
at org.testng.SuiteRunner.runTest(SuiteRunner.java:384)
at org.testng.SuiteRunner.runSequentially(SuiteRunner.java:378)
at org.testng.SuiteRunner.privateRun(SuiteRunner.java:337)
at org.testng.SuiteRunner.run(SuiteRunner.java:286)
at org.testng.SuiteRunnerWorker.runSuite(SuiteRunnerWorker.java:53)
at org.testng.SuiteRunnerWorker.run(SuiteRunnerWorker.java:96)
at org.testng.TestNG.runSuitesSequentially(TestNG.java:1214)
at org.testng.TestNG.runSuitesLocally(TestNG.java:1136)
at org.testng.TestNG.runSuites(TestNG.java:1066)
at org.testng.TestNG.run(TestNG.java:1034)
at org.testng.remote.AbstractRemoteTestNG.run(AbstractRemoteTestNG.java:115)
at org.testng.remote.RemoteTestNG.initAndRun(RemoteTestNG.java:251)
at org.testng.remote.RemoteTestNG.main(RemoteTestNG.java:77)
]]>
    </failure>
  </testcase> <!-- @BeforeMethod TestSetup -->
  <testcase name="@AfterMethod teardown" time="-1.594032779705E9" classname="happytrip.com.Login">
    <skipped/>
  </testcase> <!-- @AfterMethod teardown -->
  <testcase name="@BeforeMethod TestSetup" time="-1.594032779708E9" classname="happytrip.com.Login">
    <skipped/>
  </testcase> <!-- @BeforeMethod TestSetup -->
  <testcase name="@AfterMethod teardown" time="-1.594032779721E9" classname="happytrip.com.Login">
    <skipped/>
  </testcase> <!-- @AfterMethod teardown -->
  <testcase name="@BeforeMethod TestSetup" time="-1.594032779725E9" classname="happytrip.com.Login">
    <skipped/>
  </testcase> <!-- @BeforeMethod TestSetup -->
  <testcase name="@AfterMethod teardown" time="-1.594032779736E9" classname="happytrip.com.Login">
    <skipped/>
  </testcase> <!-- @AfterMethod teardown -->
  <testcase name="@BeforeMethod TestSetup" time="-1.594032779741E9" classname="happytrip.com.Login">
    <skipped/>
  </testcase> <!-- @BeforeMethod TestSetup -->
  <testcase name="@AfterMethod teardown" time="-1.594032779749E9" classname="happytrip.com.Login">
    <skipped/>
  </testcase> <!-- @AfterMethod teardown -->
  <testcase name="@BeforeMethod TestSetup" time="-1.594032779752E9" classname="happytrip.com.Login">
    <skipped/>
  </testcase> <!-- @BeforeMethod TestSetup -->
  <testcase name="@AfterMethod teardown" time="-1.594032779764E9" classname="happytrip.com.Login">
    <skipped/>
  </testcase> <!-- @AfterMethod teardown -->
  <testcase name="@BeforeMethod TestSetup" time="-1.594032779768E9" classname="happytrip.com.Login">
    <skipped/>
  </testcase> <!-- @BeforeMethod TestSetup -->
  <testcase name="@AfterMethod teardown" time="-1.594032779786E9" classname="happytrip.com.Login">
    <skipped/>
  </testcase> <!-- @AfterMethod teardown -->
  <testcase name="@BeforeMethod TestSetup" time="-1.59403277982E9" classname="happytrip.com.Login">
    <skipped/>
  </testcase> <!-- @BeforeMethod TestSetup -->
  <testcase name="@AfterMethod teardown" time="-1.594032779831E9" classname="happytrip.com.Login">
    <skipped/>
  </testcase> <!-- @AfterMethod teardown -->
  <testcase name="@BeforeMethod TestSetup" time="-1.594032779834E9" classname="happytrip.com.Login">
    <skipped/>
  </testcase> <!-- @BeforeMethod TestSetup -->
  <testcase name="@AfterMethod teardown" time="-1.594032779847E9" classname="happytrip.com.Login">
    <skipped/>
  </testcase> <!-- @AfterMethod teardown -->
  <testcase name="@BeforeMethod TestSetup" time="-1.59403277985E9" classname="happytrip.com.Login">
    <skipped/>
  </testcase> <!-- @BeforeMethod TestSetup -->
  <testcase name="@AfterMethod teardown" time="-1.594032779858E9" classname="happytrip.com.Login">
    <skipped/>
  </testcase> <!-- @AfterMethod teardown -->
  <testcase name="loginAsAdmin" time="16.675" classname="happytrip.com.Login"/>
  <testcase name="loginAsAdmin" time="0.0" classname="happytrip.com.Login">
    <skipped/>
  </testcase> <!-- loginAsAdmin -->
  <testcase name="loginAsAdmin" time="0.0" classname="happytrip.com.Login">
    <skipped/>
  </testcase> <!-- loginAsAdmin -->
  <testcase name="loginAsAdmin" time="0.0" classname="happytrip.com.Login">
    <skipped/>
  </testcase> <!-- loginAsAdmin -->
  <testcase name="loginAsAdmin" time="0.0" classname="happytrip.com.Login">
    <skipped/>
  </testcase> <!-- loginAsAdmin -->
  <testcase name="loginAsAdmin" time="0.0" classname="happytrip.com.Login">
    <skipped/>
  </testcase> <!-- loginAsAdmin -->
  <testcase name="loginAsAdmin" time="0.0" classname="happytrip.com.Login">
    <skipped/>
  </testcase> <!-- loginAsAdmin -->
  <testcase name="loginAsAdmin" time="0.0" classname="happytrip.com.Login">
    <skipped/>
  </testcase> <!-- loginAsAdmin -->
  <testcase name="loginAsAdmin" time="0.0" classname="happytrip.com.Login">
    <skipped/>
  </testcase> <!-- loginAsAdmin -->
  <testcase name="loginAsAdmin" time="0.0" classname="happytrip.com.Login">
    <skipped/>
  </testcase> <!-- loginAsAdmin -->
</testsuite> <!-- Default test -->

