<?xml version="1.0" encoding="UTF-8"?>
<!-- Generated by org.testng.reporters.JUnitReportReporter -->
<testsuite skipped="6" hostname="LAPTOP-5I3A2SA0" name="BasePackage.Extent" tests="7" failures="0" timestamp="2020-07-06T01:01:03 IST" time="-1593977472.000" errors="1">
  <testcase name="testCase5" time="0.000" classname="BasePackage.Extent">
    <skipped/>
  </testcase> <!-- testCase5 -->
  <system-out/>
  <testcase name="testCase3" time="0.000" classname="BasePackage.Extent">
    <skipped/>
  </testcase> <!-- testCase3 -->
  <system-out/>
  <testcase name="testCase2" time="0.000" classname="BasePackage.Extent">
    <skipped/>
  </testcase> <!-- testCase2 -->
  <system-out/>
  <testcase name="testCase1" time="0.000" classname="BasePackage.Extent">
    <skipped/>
  </testcase> <!-- testCase1 -->
  <system-out/>
  <testcase name="testCase4" time="0.000" classname="BasePackage.Extent">
    <skipped/>
  </testcase> <!-- testCase4 -->
  <system-out/>
  <testcase name="startReport" time="-1593977472.000" classname="BasePackage.Extent">
    <error type="org.testng.TestNGException" message="
Parameter &#039;OS&#039; is required by BeforeTest on method startReport but has not been marked @Optional or defined
in C:\Users\sivaram loknath\eclipse-workspace\new\happy\testng.xml">
      <![CDATA[org.testng.TestNGException: 
Parameter 'OS' is required by BeforeTest on method startReport but has not been marked @Optional or defined
in C:\Users\sivaram loknath\eclipse-workspace\new\happy\testng.xml
at org.testng.internal.Parameters.createParams(Parameters.java:268)
at org.testng.internal.Parameters.createParametersForMethod(Parameters.java:356)
at org.testng.internal.Parameters.createParameters(Parameters.java:700)
at org.testng.internal.Parameters.createConfigurationParameters(Parameters.java:166)
at org.testng.internal.ConfigInvoker.invokeConfigurations(ConfigInvoker.java:299)
at org.testng.TestRunner.invokeTestConfigurations(TestRunner.java:620)
at org.testng.TestRunner.beforeRun(TestRunner.java:610)
at org.testng.TestRunner.run(TestRunner.java:581)
at org.testng.SuiteRunner.runTest(SuiteRunner.java:384)
at org.testng.SuiteRunner.runSequentially(SuiteRunner.java:378)
at org.testng.SuiteRunner.privateRun(SuiteRunner.java:337)
at org.testng.SuiteRunner.run(SuiteRunner.java:286)
at org.testng.SuiteRunnerWorker.runSuite(SuiteRunnerWorker.java:53)
at org.testng.SuiteRunnerWorker.run(SuiteRunnerWorker.java:96)
at org.testng.TestNG.runSuitesSequentially(TestNG.java:1214)
at org.testng.TestNG.runSuitesLocally(TestNG.java:1136)
at org.testng.TestNG.runSuites(TestNG.java:1066)
at org.testng.TestNG.run(TestNG.java:1034)
at org.testng.remote.AbstractRemoteTestNG.run(AbstractRemoteTestNG.java:115)
at org.testng.remote.RemoteTestNG.initAndRun(RemoteTestNG.java:251)
at org.testng.remote.RemoteTestNG.main(RemoteTestNG.java:77)
]]>
    </error>
  </testcase> <!-- startReport -->
  <system-out/>
  <testcase name="testCase6" classname="BasePackage.Extent">
    <skipped/>
  </testcase> <!-- testCase6 -->
  <system-out/>
</testsuite> <!-- BasePackage.Extent -->
